<?xml version="1.0" encoding="UTF-8"?>
<testsuite xmlns:xsi="http://www.w3.org/2001/XMLSchema-instance" xsi:noNamespaceSchemaLocation="https://maven.apache.org/surefire/maven-surefire-plugin/xsd/surefire-test-report-3.0.xsd" version="3.0" name="XmlConverterTest" time="0.535" tests="6" errors="0" skipped="0" failures="0">
  <properties>
[...]
</properties>
  <testcase name="convertV2GToXmlTestCaseChargeParameterDiscoveryRes" classname="XmlConverterTest" time="0.238">
    <system-out><![CDATA[<?xml version="1.0" encoding="UTF-8" standalone="yes"?>
<v2gci_d:V2GMessage xmlns:v2gci_h="urn:iso:15118:2:2013:MsgHeader" xmlns:v2gci_t="urn:iso:15118:2:2013:MsgDataTypes" xmlns:v2gci_b="urn:iso:15118:2:2013:MsgBody" xmlns:v2gci_d="urn:iso:15118:2:2013:MsgDef">
    <v2gci_d:Header>
        <v2gci_h:SESSIONID>AA==</v2gci_h:SESSIONID>
    </v2gci_d:Header>
    <v2gci_d:Body>
        <v2gci_b:ChargeParameterDiscoveryRes>
            <v2gci_b:ResponseCode>OK</v2gci_b:ResponseCode>
            <v2gci_b:EVSEProcessing>FINISHED</v2gci_b:EVSEProcessing>
            <v2gci_t:AC_EVSEChargeParameter>
                <v2gci_t:AC_EVSEStatus>
                    <v2gci_t:RCD>true</v2gci_t:RCD>
                    <v2gci_t:NotificationMaxDelay>5</v2gci_t:NotificationMaxDelay>
                    <v2gci_t:EVSENotification>NONE</v2gci_t:EVSENotification>
                </v2gci_t:AC_EVSEStatus>
                <v2gci_t:EVSENominalVoltage>
                    <v2gci_t:Multiplier>1</v2gci_t:Multiplier>
                    <v2gci_t:Unit>V</v2gci_t:Unit>
                    <v2gci_t:Value>100</v2gci_t:Value>
                </v2gci_t:EVSENominalVoltage>
                <v2gci_t:EVSEMaxCurrent>
                    <v2gci_t:Multiplier>1</v2gci_t:Multiplier>
                    <v2gci_t:Unit>A</v2gci_t:Unit>
                    <v2gci_t:Value>100</v2gci_t:Value>
                </v2gci_t:EVSEMaxCurrent>
            </v2gci_t:AC_EVSEChargeParameter>
        </v2gci_b:ChargeParameterDiscoveryRes>
    </v2gci_d:Body>
</v2gci_d:V2GMessage>

]]></system-out>
  </testcase>
  <testcase name="convertV2GToXmlTestCaseSessionSetupRes" classname="XmlConverterTest" time="0.011">
    <system-out><![CDATA[<?xml version="1.0" encoding="UTF-8" standalone="yes"?>
<v2gci_d:V2GMessage xmlns:v2gci_h="urn:iso:15118:2:2013:MsgHeader" xmlns:v2gci_t="urn:iso:15118:2:2013:MsgDataTypes" xmlns:v2gci_b="urn:iso:15118:2:2013:MsgBody" xmlns:v2gci_d="urn:iso:15118:2:2013:MsgDef">
    <v2gci_d:Header>
        <v2gci_h:SESSIONID>AA==</v2gci_h:SESSIONID>
    </v2gci_d:Header>
    <v2gci_d:Body>
        <v2gci_b:SessionSetupRes>
            <v2gci_b:ResponseCode>OK_NewSessionEstablished</v2gci_b:ResponseCode>
            <v2gci_b:EVSEID>1</v2gci_b:EVSEID>
            <v2gci_t:EVSETimeStamp>1715196413559</v2gci_t:EVSETimeStamp>
        </v2gci_b:SessionSetupRes>
    </v2gci_d:Body>
</v2gci_d:V2GMessage>

]]></system-out>
  </testcase>
  <testcase name="convertV2GToXmlTestCaseChargingStatusRes" classname="XmlConverterTest" time="0.019">
    <system-out><![CDATA[<?xml version="1.0" encoding="UTF-8" standalone="yes"?>
<v2gci_d:V2GMessage xmlns:v2gci_h="urn:iso:15118:2:2013:MsgHeader" xmlns:v2gci_t="urn:iso:15118:2:2013:MsgDataTypes" xmlns:v2gci_b="urn:iso:15118:2:2013:MsgBody" xmlns:v2gci_d="urn:iso:15118:2:2013:MsgDef">
    <v2gci_d:Header>
        <v2gci_h:SESSIONID>AA==</v2gci_h:SESSIONID>
    </v2gci_d:Header>
    <v2gci_d:Body>
        <v2gci_b:ChargingStatusRes>
            <v2gci_b:ResponseCode>OK</v2gci_b:ResponseCode>
            <v2gci_t:AC_EVSEStatus>
                <v2gci_t:RCD>true</v2gci_t:RCD>
                <v2gci_t:NotificationMaxDelay>5</v2gci_t:NotificationMaxDelay>
                <v2gci_t:EVSENotification>NONE</v2gci_t:EVSENotification>
            </v2gci_t:AC_EVSEStatus>
            <v2gci_b:EVSEID>1</v2gci_b:EVSEID>
            <v2gci_t:MeterInfo>
                <v2gci_t:MeterId>1</v2gci_t:MeterId>
                <v2gci_t:MeterReading>100</v2gci_t:MeterReading>
            </v2gci_t:MeterInfo>
        </v2gci_b:ChargingStatusRes>
    </v2gci_d:Body>
</v2gci_d:V2GMessage>

]]></system-out>
  </testcase>
  <testcase name="convertV2GToExiTest" classname="XmlConverterTest" time="0.158"/>
  <testcase name="convertV2GToXmlTestCaseSessionStopRes" classname="XmlConverterTest" time="0.016">
    <system-out><![CDATA[<?xml version="1.0" encoding="UTF-8" standalone="yes"?>
<v2gci_d:V2GMessage xmlns:v2gci_h="urn:iso:15118:2:2013:MsgHeader" xmlns:v2gci_t="urn:iso:15118:2:2013:MsgDataTypes" xmlns:v2gci_b="urn:iso:15118:2:2013:MsgBody" xmlns:v2gci_d="urn:iso:15118:2:2013:MsgDef">
    <v2gci_d:Header>
        <v2gci_h:SESSIONID>AA==</v2gci_h:SESSIONID>
    </v2gci_d:Header>
    <v2gci_d:Body>
        <v2gci_b:SessionStopRes>
            <v2gci_b:ResponseCode>OK</v2gci_b:ResponseCode>
        </v2gci_b:SessionStopRes>
    </v2gci_d:Body>
</v2gci_d:V2GMessage>

]]></system-out>
  </testcase>
  <testcase name="convertV2GToXmlTestCasePowerDeliveryRes" classname="XmlConverterTest" time="0.017">
    <system-out><![CDATA[<?xml version="1.0" encoding="UTF-8" standalone="yes"?>
<v2gci_d:V2GMessage xmlns:v2gci_h="urn:iso:15118:2:2013:MsgHeader" xmlns:v2gci_t="urn:iso:15118:2:2013:MsgDataTypes" xmlns:v2gci_b="urn:iso:15118:2:2013:MsgBody" xmlns:v2gci_d="urn:iso:15118:2:2013:MsgDef">
    <v2gci_d:Header>
        <v2gci_h:SESSIONID>AA==</v2gci_h:SESSIONID>
    </v2gci_d:Header>
    <v2gci_d:Body>
        <v2gci_b:PowerDeliveryRes>
            <v2gci_b:ResponseCode>OK</v2gci_b:ResponseCode>
            <v2gci_t:AC_EVSEStatus>
                <v2gci_t:RCD>true</v2gci_t:RCD>
                <v2gci_t:NotificationMaxDelay>5</v2gci_t:NotificationMaxDelay>
                <v2gci_t:EVSENotification>NONE</v2gci_t:EVSENotification>
            </v2gci_t:AC_EVSEStatus>
        </v2gci_b:PowerDeliveryRes>
    </v2gci_d:Body>
</v2gci_d:V2GMessage>

]]></system-out>
  </testcase>
</testsuite>