<?xml version="1.0" encoding="UTF-8"?>
<testsuite xmlns:xsi="http://www.w3.org/2001/XMLSchema-instance" xsi:noNamespaceSchemaLocation="https://maven.apache.org/surefire/maven-surefire-plugin/xsd/surefire-test-report-3.0.xsd" version="3.0" name="commev.V2GMessageHandlerContextTest" time="0.008" tests="2" errors="0" skipped="0" failures="0">
  <properties>
[...]
</properties>
  <testcase name="getMessageHandlerImplTest" classname="commev.V2GMessageHandlerContextTest" time="0.001">
    <system-out><![CDATA[11.05.2024 04:48:53.580 [main] INFO  o.s.t.c.s.DefaultTestContextBootstrapper - Loaded default TestExecutionListener class names from location [META-INF/spring.factories]: [org.springframework.test.context.web.ServletTestExecutionListener, org.springframework.test.context.support.DirtiesContextBeforeModesTestExecutionListener, org.springframework.test.context.support.DependencyInjectionTestExecutionListener, org.springframework.test.context.support.DirtiesContextTestExecutionListener, org.springframework.test.context.transaction.TransactionalTestExecutionListener, org.springframework.test.context.jdbc.SqlScriptsTestExecutionListener, org.springframework.test.context.event.EventPublishingTestExecutionListener]
11.05.2024 04:48:53.581 [main] INFO  o.s.t.c.s.DefaultTestContextBootstrapper - Using TestExecutionListeners: [org.springframework.test.context.support.DirtiesContextBeforeModesTestExecutionListener@1a1f79ce, org.springframework.test.context.support.DependencyInjectionTestExecutionListener@6aa7e176, org.springframework.test.context.support.DirtiesContextTestExecutionListener@52abed9d, org.springframework.test.context.transaction.TransactionalTestExecutionListener@281b2dfd, org.springframework.test.context.jdbc.SqlScriptsTestExecutionListener@492be039, org.springframework.test.context.event.EventPublishingTestExecutionListener@1cd2143b]
11.05.2024 04:48:53.584 [pool-9-thread-1] INFO  o.m.c.ChargeTransferBlockTask - Charging proceed: 7.5880003kWh, common meter values: 117kWh, Seconds from start: 1.0840001
]]></system-out>
  </testcase>
  <testcase name="getMessageHandlerImplExceptionTest" classname="commev.V2GMessageHandlerContextTest" time="0.0"/>
</testsuite>