<?xml version="1.0" encoding="UTF-8"?>
<testsuite xmlns:xsi="http://www.w3.org/2001/XMLSchema-instance" xsi:noNamespaceSchemaLocation="https://maven.apache.org/surefire/maven-surefire-plugin/xsd/surefire-test-report-3.0.xsd" version="3.0" name="chargetransfer.ChargeTransferBlockTaskTest" time="21.024" tests="4" errors="0" skipped="0" failures="0">
  <properties>
[...]
</properties>
  <testcase name="integratedTaskTest" classname="chargetransfer.ChargeTransferBlockTaskTest" time="7.259">
    <system-out><![CDATA[11.05.2024 04:48:32.617 [main] INFO  o.s.t.c.s.DefaultTestContextBootstrapper - Loaded default TestExecutionListener class names from location [META-INF/spring.factories]: [org.springframework.test.context.web.ServletTestExecutionListener, org.springframework.test.context.support.DirtiesContextBeforeModesTestExecutionListener, org.springframework.test.context.support.DependencyInjectionTestExecutionListener, org.springframework.test.context.support.DirtiesContextTestExecutionListener, org.springframework.test.context.transaction.TransactionalTestExecutionListener, org.springframework.test.context.jdbc.SqlScriptsTestExecutionListener, org.springframework.test.context.event.EventPublishingTestExecutionListener]
11.05.2024 04:48:32.647 [main] INFO  o.s.t.c.s.DefaultTestContextBootstrapper - Using TestExecutionListeners: [org.springframework.test.context.support.DirtiesContextBeforeModesTestExecutionListener@456d6c1e, org.springframework.test.context.support.DependencyInjectionTestExecutionListener@1e13529a, org.springframework.test.context.support.DirtiesContextTestExecutionListener@1ec9bd38, org.springframework.test.context.transaction.TransactionalTestExecutionListener@452e19ca, org.springframework.test.context.jdbc.SqlScriptsTestExecutionListener@6b0d80ed, org.springframework.test.context.event.EventPublishingTestExecutionListener@6f8e8894]
11.05.2024 04:48:34.095 [main] WARN  o.s.c.s.PostProcessorRegistrationDelegate$BeanPostProcessorChecker - Bean 'org.springframework.statemachine.config.configuration.StateMachineAnnotationPostProcessorConfiguration' of type [org.springframework.statemachine.config.configuration.StateMachineAnnotationPostProcessorConfiguration$$SpringCGLIB$$0] is not eligible for getting processed by all BeanPostProcessors (for example: not eligible for auto-proxying). The currently created BeanPostProcessor [org.springframework.statemachine.processor.stateMachineAnnotationPostProcessor] is declared through a non-static factory method on that class; consider declaring it as static instead.
11.05.2024 04:48:36.281 [main] INFO  o.m.s.s.StationStateMachineListener - New Session State: Available, Past Session State: null
11.05.2024 04:48:36.499 [pool-5-thread-1] INFO  o.m.c.ChargeTransferBlockTask - Charging start, start meter values: 0kWh
11.05.2024 04:48:36.614 [pool-5-thread-1] INFO  o.m.c.ChargeTransferBlockTask - Charging proceed: 0.77000004kWh, common meter values: 0kWh, Seconds from start: 0.11000001
11.05.2024 04:48:36.720 [pool-5-thread-1] INFO  o.m.c.ChargeTransferBlockTask - Charging proceed: 1.5400001kWh, common meter values: 1kWh, Seconds from start: 0.22000001
11.05.2024 04:48:36.829 [pool-5-thread-1] INFO  o.m.c.ChargeTransferBlockTask - Charging proceed: 2.303kWh, common meter values: 2kWh, Seconds from start: 0.32900003
11.05.2024 04:48:36.938 [pool-5-thread-1] INFO  o.m.c.ChargeTransferBlockTask - Charging proceed: 3.0730002kWh, common meter values: 3kWh, Seconds from start: 0.439
11.05.2024 04:48:37.047 [pool-5-thread-1] INFO  o.m.c.ChargeTransferBlockTask - Charging proceed: 3.8290002kWh, common meter values: 3kWh, Seconds from start: 0.54700005
11.05.2024 04:48:37.155 [pool-5-thread-1] INFO  o.m.c.ChargeTransferBlockTask - Charging proceed: 4.592kWh, common meter values: 4kWh, Seconds from start: 0.656
11.05.2024 04:48:37.266 [pool-5-thread-1] INFO  o.m.c.ChargeTransferBlockTask - Charging proceed: 5.362kWh, common meter values: 5kWh, Seconds from start: 0.76600003
11.05.2024 04:48:37.374 [pool-5-thread-1] INFO  o.m.c.ChargeTransferBlockTask - Charging proceed: 6.125kWh, common meter values: 6kWh, Seconds from start: 0.87500006
11.05.2024 04:48:37.484 [pool-5-thread-1] INFO  o.m.c.ChargeTransferBlockTask - Charging proceed: 6.888kWh, common meter values: 6kWh, Seconds from start: 0.984
11.05.2024 04:48:37.593 [pool-5-thread-1] INFO  o.m.c.ChargeTransferBlockTask - Charging proceed: 7.651kWh, common meter values: 7kWh, Seconds from start: 1.093
11.05.2024 04:48:37.703 [pool-5-thread-1] INFO  o.m.c.ChargeTransferBlockTask - Charging proceed: 8.4210005kWh, common meter values: 8kWh, Seconds from start: 1.2030001
11.05.2024 04:48:37.812 [pool-5-thread-1] INFO  o.m.c.ChargeTransferBlockTask - Charging proceed: 9.184kWh, common meter values: 9kWh, Seconds from start: 1.312
11.05.2024 04:48:37.921 [pool-5-thread-1] INFO  o.m.c.ChargeTransferBlockTask - Charging proceed: 9.9470005kWh, common meter values: 9kWh, Seconds from start: 1.4210001
11.05.2024 04:48:38.030 [pool-5-thread-1] INFO  o.m.c.ChargeTransferBlockTask - Charging proceed: 10.71kWh, common meter values: 10kWh, Seconds from start: 1.5300001
11.05.2024 04:48:38.139 [pool-5-thread-1] INFO  o.m.c.ChargeTransferBlockTask - Charging proceed: 11.473001kWh, common meter values: 11kWh, Seconds from start: 1.639
11.05.2024 04:48:38.249 [pool-5-thread-1] INFO  o.m.c.ChargeTransferBlockTask - Charging proceed: 12.243kWh, common meter values: 12kWh, Seconds from start: 1.7490001
11.05.2024 04:48:38.360 [pool-5-thread-1] INFO  o.m.c.ChargeTransferBlockTask - Charging proceed: 13.02kWh, common meter values: 13kWh, Seconds from start: 1.8600001
11.05.2024 04:48:38.471 [pool-5-thread-1] INFO  o.m.c.ChargeTransferBlockTask - Charging proceed: 13.797001kWh, common meter values: 13kWh, Seconds from start: 1.9710001
org.mycorp.models.MeterValues@afba9a80
org.mycorp.models.MeterValues@afba9a80
org.mycorp.models.MeterValues@afba9a80
11.05.2024 04:48:38.582 [pool-5-thread-1] INFO  o.m.c.ChargeTransferBlockTask - Charging proceed: 14.574kWh, common meter values: 14kWh, Seconds from start: 2.082
11.05.2024 04:48:38.690 [pool-5-thread-1] INFO  o.m.c.ChargeTransferBlockTask - Charging proceed: 15.337001kWh, common meter values: 15kWh, Seconds from start: 2.1910002
11.05.2024 04:48:38.799 [pool-5-thread-1] INFO  o.m.c.ChargeTransferBlockTask - Charging proceed: 16.1kWh, common meter values: 16kWh, Seconds from start: 2.3000002
11.05.2024 04:48:38.908 [pool-5-thread-1] INFO  o.m.c.ChargeTransferBlockTask - Charging proceed: 16.856kWh, common meter values: 16kWh, Seconds from start: 2.4080002
11.05.2024 04:48:39.019 [pool-5-thread-1] INFO  o.m.c.ChargeTransferBlockTask - Charging proceed: 17.633001kWh, common meter values: 17kWh, Seconds from start: 2.519
11.05.2024 04:48:39.128 [pool-5-thread-1] INFO  o.m.c.ChargeTransferBlockTask - Charging proceed: 18.396kWh, common meter values: 18kWh, Seconds from start: 2.628
11.05.2024 04:48:39.237 [pool-5-thread-1] INFO  o.m.c.ChargeTransferBlockTask - Charging proceed: 19.166kWh, common meter values: 19kWh, Seconds from start: 2.7380002
11.05.2024 04:48:39.347 [pool-5-thread-1] INFO  o.m.c.ChargeTransferBlockTask - Charging proceed: 19.929kWh, common meter values: 19kWh, Seconds from start: 2.8470001
11.05.2024 04:48:39.455 [pool-5-thread-1] INFO  o.m.c.ChargeTransferBlockTask - Charging proceed: 20.685001kWh, common meter values: 20kWh, Seconds from start: 2.9550002
11.05.2024 04:48:39.565 [pool-5-thread-1] INFO  o.m.c.ChargeTransferBlockTask - Charging proceed: 21.455kWh, common meter values: 21kWh, Seconds from start: 3.065
11.05.2024 04:48:39.674 [pool-5-thread-1] INFO  o.m.c.ChargeTransferBlockTask - Charging proceed: 22.218kWh, common meter values: 22kWh, Seconds from start: 3.1740003
11.05.2024 04:48:39.782 [pool-5-thread-1] INFO  o.m.c.ChargeTransferBlockTask - Charging proceed: 22.974kWh, common meter values: 22kWh, Seconds from start: 3.282
11.05.2024 04:48:39.892 [pool-5-thread-1] INFO  o.m.c.ChargeTransferBlockTask - Charging proceed: 23.744001kWh, common meter values: 23kWh, Seconds from start: 3.3920002
11.05.2024 04:48:40.001 [pool-5-thread-1] INFO  o.m.c.ChargeTransferBlockTask - Charging proceed: 24.507kWh, common meter values: 24kWh, Seconds from start: 3.5010002
11.05.2024 04:48:40.112 [pool-5-thread-1] INFO  o.m.c.ChargeTransferBlockTask - Charging proceed: 25.284kWh, common meter values: 25kWh, Seconds from start: 3.6120002
11.05.2024 04:48:40.221 [pool-5-thread-1] INFO  o.m.c.ChargeTransferBlockTask - Charging proceed: 26.047kWh, common meter values: 26kWh, Seconds from start: 3.7210002
11.05.2024 04:48:40.329 [pool-5-thread-1] INFO  o.m.c.ChargeTransferBlockTask - Charging proceed: 26.803001kWh, common meter values: 26kWh, Seconds from start: 3.8290002
11.05.2024 04:48:40.437 [pool-5-thread-1] INFO  o.m.c.ChargeTransferBlockTask - Charging proceed: 27.559kWh, common meter values: 27kWh, Seconds from start: 3.9370003
org.mycorp.models.MeterValues@5bd4efa5
org.mycorp.models.MeterValues@5bd4efa5
org.mycorp.models.MeterValues@5bd4efa5
11.05.2024 04:48:40.547 [pool-5-thread-1] INFO  o.m.c.ChargeTransferBlockTask - Charging proceed: 28.329kWh, common meter values: 28kWh, Seconds from start: 4.0470004
11.05.2024 04:48:40.654 [pool-5-thread-1] INFO  o.m.c.ChargeTransferBlockTask - Charging proceed: 29.078001kWh, common meter values: 29kWh, Seconds from start: 4.1540003
11.05.2024 04:48:40.765 [pool-5-thread-1] INFO  o.m.c.ChargeTransferBlockTask - Charging proceed: 29.855001kWh, common meter values: 29kWh, Seconds from start: 4.2650003
11.05.2024 04:48:40.876 [pool-5-thread-1] INFO  o.m.c.ChargeTransferBlockTask - Charging proceed: 30.632002kWh, common meter values: 30kWh, Seconds from start: 4.3760004
11.05.2024 04:48:40.987 [pool-5-thread-1] INFO  o.m.c.ChargeTransferBlockTask - Charging proceed: 31.409kWh, common meter values: 31kWh, Seconds from start: 4.487
11.05.2024 04:48:41.096 [pool-5-thread-1] INFO  o.m.c.ChargeTransferBlockTask - Charging proceed: 32.172kWh, common meter values: 32kWh, Seconds from start: 4.596
11.05.2024 04:48:41.206 [pool-5-thread-1] INFO  o.m.c.ChargeTransferBlockTask - Charging proceed: 32.942kWh, common meter values: 32kWh, Seconds from start: 4.7060003
11.05.2024 04:48:41.317 [pool-5-thread-1] INFO  o.m.c.ChargeTransferBlockTask - Charging proceed: 33.719kWh, common meter values: 33kWh, Seconds from start: 4.8170004
11.05.2024 04:48:41.427 [pool-5-thread-1] INFO  o.m.c.ChargeTransferBlockTask - Charging proceed: 34.489002kWh, common meter values: 34kWh, Seconds from start: 4.927
11.05.2024 04:48:41.537 [pool-5-thread-1] INFO  o.m.c.ChargeTransferBlockTask - Charging proceed: 35.259003kWh, common meter values: 35kWh, Seconds from start: 5.037
11.05.2024 04:48:41.646 [pool-5-thread-1] INFO  o.m.c.ChargeTransferBlockTask - Charging proceed: 36.022kWh, common meter values: 36kWh, Seconds from start: 5.1460004
11.05.2024 04:48:41.755 [pool-5-thread-1] INFO  o.m.c.ChargeTransferBlockTask - Charging proceed: 36.785kWh, common meter values: 36kWh, Seconds from start: 5.255
11.05.2024 04:48:41.865 [pool-5-thread-1] INFO  o.m.c.ChargeTransferBlockTask - Charging proceed: 37.555kWh, common meter values: 37kWh, Seconds from start: 5.3650002
11.05.2024 04:48:41.973 [pool-5-thread-1] INFO  o.m.c.ChargeTransferBlockTask - Charging proceed: 38.311kWh, common meter values: 38kWh, Seconds from start: 5.473
11.05.2024 04:48:42.081 [pool-5-thread-1] INFO  o.m.c.ChargeTransferBlockTask - Charging proceed: 39.067kWh, common meter values: 39kWh, Seconds from start: 5.5810003
11.05.2024 04:48:42.191 [pool-5-thread-1] INFO  o.m.c.ChargeTransferBlockTask - Charging proceed: 39.837kWh, common meter values: 39kWh, Seconds from start: 5.6910005
11.05.2024 04:48:42.301 [pool-5-thread-1] INFO  o.m.c.ChargeTransferBlockTask - Charging proceed: 40.614002kWh, common meter values: 40kWh, Seconds from start: 5.802
11.05.2024 04:48:42.411 [pool-5-thread-1] INFO  o.m.c.ChargeTransferBlockTask - Charging proceed: 41.377003kWh, common meter values: 41kWh, Seconds from start: 5.9110003
org.mycorp.models.MeterValues@3908af4b
org.mycorp.models.MeterValues@3908af4b
org.mycorp.models.MeterValues@3908af4b
11.05.2024 04:48:42.519 [pool-5-thread-1] INFO  o.m.c.ChargeTransferBlockTask - Charging proceed: 42.140003kWh, common meter values: 42kWh, Seconds from start: 6.0200005
11.05.2024 04:48:42.630 [pool-5-thread-1] INFO  o.m.c.ChargeTransferBlockTask - Charging proceed: 42.917kWh, common meter values: 42kWh, Seconds from start: 6.1310005
11.05.2024 04:48:42.740 [pool-5-thread-1] INFO  o.m.c.ChargeTransferBlockTask - Charging proceed: 43.687kWh, common meter values: 43kWh, Seconds from start: 6.241
11.05.2024 04:48:42.850 [pool-5-thread-1] INFO  o.m.c.ChargeTransferBlockTask - Charging proceed: 44.45kWh, common meter values: 44kWh, Seconds from start: 6.3500004
11.05.2024 04:48:42.958 [pool-5-thread-1] INFO  o.m.c.ChargeTransferBlockTask - Charging proceed: 45.206kWh, common meter values: 45kWh, Seconds from start: 6.458
11.05.2024 04:48:43.068 [pool-5-thread-1] INFO  o.m.c.ChargeTransferBlockTask - Charging proceed: 45.983kWh, common meter values: 45kWh, Seconds from start: 6.5690002
11.05.2024 04:48:43.177 [pool-5-thread-1] INFO  o.m.c.ChargeTransferBlockTask - Charging proceed: 46.746002kWh, common meter values: 46kWh, Seconds from start: 6.6780005
11.05.2024 04:48:43.288 [pool-5-thread-1] INFO  o.m.c.ChargeTransferBlockTask - Charging proceed: 47.516003kWh, common meter values: 47kWh, Seconds from start: 6.788
11.05.2024 04:48:43.396 [pool-5-thread-1] INFO  o.m.c.ChargeTransferBlockTask - Charging proceed: 48.279003kWh, common meter values: 48kWh, Seconds from start: 6.8970003
11.05.2024 04:48:43.507 [pool-5-thread-1] INFO  o.m.c.ChargeTransferBlockTask - Charging proceed: 49.049kWh, common meter values: 49kWh, Seconds from start: 7.0070004
11.05.2024 04:48:43.617 [pool-5-thread-1] INFO  o.m.c.ChargeTransferBlockTask - Charging proceed: 49.819kWh, common meter values: 49kWh, Seconds from start: 7.117
11.05.2024 04:48:43.727 [pool-5-thread-1] INFO  o.m.c.ChargeTransferBlockTask - Charging proceed: 50.589kWh, common meter values: 50kWh, Seconds from start: 7.227
11.05.2024 04:48:43.733 [pool-5-thread-1] INFO  o.m.c.ChargeTransferBlockTask - Charging stop normally, total charging time: 7.227 seconds, power delivered: 50.589kWh, finishing meterValues: 50kWh.
]]></system-out>
  </testcase>
  <testcase name="taskTest" classname="chargetransfer.ChargeTransferBlockTaskTest" time="7.222">
    <system-out><![CDATA[11.05.2024 04:48:43.743 [pool-7-thread-1] INFO  o.m.c.ChargeTransferBlockTask - Charging start, start meter values: 50kWh
11.05.2024 04:48:43.853 [pool-7-thread-1] INFO  o.m.c.ChargeTransferBlockTask - Charging proceed: 0.763kWh, common meter values: 50kWh, Seconds from start: 0.109000005
11.05.2024 04:48:43.960 [pool-7-thread-1] INFO  o.m.c.ChargeTransferBlockTask - Charging proceed: 1.519kWh, common meter values: 51kWh, Seconds from start: 0.21700001
11.05.2024 04:48:44.071 [pool-7-thread-1] INFO  o.m.c.ChargeTransferBlockTask - Charging proceed: 2.289kWh, common meter values: 52kWh, Seconds from start: 0.32700002
11.05.2024 04:48:44.179 [pool-7-thread-1] INFO  o.m.c.ChargeTransferBlockTask - Charging proceed: 3.045kWh, common meter values: 53kWh, Seconds from start: 0.43500003
11.05.2024 04:48:44.288 [pool-7-thread-1] INFO  o.m.c.ChargeTransferBlockTask - Charging proceed: 3.808kWh, common meter values: 53kWh, Seconds from start: 0.544
11.05.2024 04:48:44.397 [pool-7-thread-1] INFO  o.m.c.ChargeTransferBlockTask - Charging proceed: 4.578kWh, common meter values: 54kWh, Seconds from start: 0.65400004
11.05.2024 04:48:44.508 [pool-7-thread-1] INFO  o.m.c.ChargeTransferBlockTask - Charging proceed: 5.348kWh, common meter values: 55kWh, Seconds from start: 0.76400006
11.05.2024 04:48:44.619 [pool-7-thread-1] INFO  o.m.c.ChargeTransferBlockTask - Charging proceed: 6.125kWh, common meter values: 56kWh, Seconds from start: 0.87500006
11.05.2024 04:48:44.728 [pool-7-thread-1] INFO  o.m.c.ChargeTransferBlockTask - Charging proceed: 6.895kWh, common meter values: 56kWh, Seconds from start: 0.9850001
11.05.2024 04:48:44.837 [pool-7-thread-1] INFO  o.m.c.ChargeTransferBlockTask - Charging proceed: 7.651kWh, common meter values: 57kWh, Seconds from start: 1.093
11.05.2024 04:48:44.945 [pool-7-thread-1] INFO  o.m.c.ChargeTransferBlockTask - Charging proceed: 8.407001kWh, common meter values: 58kWh, Seconds from start: 1.2010001
11.05.2024 04:48:45.054 [pool-7-thread-1] INFO  o.m.c.ChargeTransferBlockTask - Charging proceed: 9.17kWh, common meter values: 59kWh, Seconds from start: 1.3100001
11.05.2024 04:48:45.163 [pool-7-thread-1] INFO  o.m.c.ChargeTransferBlockTask - Charging proceed: 9.933001kWh, common meter values: 59kWh, Seconds from start: 1.419
11.05.2024 04:48:45.274 [pool-7-thread-1] INFO  o.m.c.ChargeTransferBlockTask - Charging proceed: 10.71kWh, common meter values: 60kWh, Seconds from start: 1.5300001
11.05.2024 04:48:45.384 [pool-7-thread-1] INFO  o.m.c.ChargeTransferBlockTask - Charging proceed: 11.4800005kWh, common meter values: 61kWh, Seconds from start: 1.6400001
11.05.2024 04:48:45.494 [pool-7-thread-1] INFO  o.m.c.ChargeTransferBlockTask - Charging proceed: 12.257kWh, common meter values: 62kWh, Seconds from start: 1.751
11.05.2024 04:48:45.604 [pool-7-thread-1] INFO  o.m.c.ChargeTransferBlockTask - Charging proceed: 13.02kWh, common meter values: 63kWh, Seconds from start: 1.8600001
11.05.2024 04:48:45.714 [pool-7-thread-1] INFO  o.m.c.ChargeTransferBlockTask - Charging proceed: 13.79kWh, common meter values: 63kWh, Seconds from start: 1.9700001
11.05.2024 04:48:45.823 [pool-7-thread-1] INFO  o.m.c.ChargeTransferBlockTask - Charging proceed: 14.56kWh, common meter values: 64kWh, Seconds from start: 2.0800002
11.05.2024 04:48:45.932 [pool-7-thread-1] INFO  o.m.c.ChargeTransferBlockTask - Charging proceed: 15.323001kWh, common meter values: 65kWh, Seconds from start: 2.1890001
11.05.2024 04:48:46.042 [pool-7-thread-1] INFO  o.m.c.ChargeTransferBlockTask - Charging proceed: 16.093kWh, common meter values: 66kWh, Seconds from start: 2.299
11.05.2024 04:48:46.151 [pool-7-thread-1] INFO  o.m.c.ChargeTransferBlockTask - Charging proceed: 16.856kWh, common meter values: 66kWh, Seconds from start: 2.4080002
11.05.2024 04:48:46.262 [pool-7-thread-1] INFO  o.m.c.ChargeTransferBlockTask - Charging proceed: 17.626001kWh, common meter values: 67kWh, Seconds from start: 2.5180001
11.05.2024 04:48:46.371 [pool-7-thread-1] INFO  o.m.c.ChargeTransferBlockTask - Charging proceed: 18.389kWh, common meter values: 68kWh, Seconds from start: 2.627
11.05.2024 04:48:46.478 [pool-7-thread-1] INFO  o.m.c.ChargeTransferBlockTask - Charging proceed: 19.145kWh, common meter values: 69kWh, Seconds from start: 2.7350001
11.05.2024 04:48:46.586 [pool-7-thread-1] INFO  o.m.c.ChargeTransferBlockTask - Charging proceed: 19.901001kWh, common meter values: 69kWh, Seconds from start: 2.8430002
11.05.2024 04:48:46.694 [pool-7-thread-1] INFO  o.m.c.ChargeTransferBlockTask - Charging proceed: 20.650002kWh, common meter values: 70kWh, Seconds from start: 2.95
11.05.2024 04:48:46.805 [pool-7-thread-1] INFO  o.m.c.ChargeTransferBlockTask - Charging proceed: 21.427kWh, common meter values: 71kWh, Seconds from start: 3.061
11.05.2024 04:48:46.914 [pool-7-thread-1] INFO  o.m.c.ChargeTransferBlockTask - Charging proceed: 22.19kWh, common meter values: 72kWh, Seconds from start: 3.17
11.05.2024 04:48:47.023 [pool-7-thread-1] INFO  o.m.c.ChargeTransferBlockTask - Charging proceed: 22.953001kWh, common meter values: 72kWh, Seconds from start: 3.279
11.05.2024 04:48:47.135 [pool-7-thread-1] INFO  o.m.c.ChargeTransferBlockTask - Charging proceed: 23.737001kWh, common meter values: 73kWh, Seconds from start: 3.3910003
11.05.2024 04:48:47.243 [pool-7-thread-1] INFO  o.m.c.ChargeTransferBlockTask - Charging proceed: 24.5kWh, common meter values: 74kWh, Seconds from start: 3.5000002
11.05.2024 04:48:47.353 [pool-7-thread-1] INFO  o.m.c.ChargeTransferBlockTask - Charging proceed: 25.27kWh, common meter values: 75kWh, Seconds from start: 3.6100001
11.05.2024 04:48:47.462 [pool-7-thread-1] INFO  o.m.c.ChargeTransferBlockTask - Charging proceed: 26.026001kWh, common meter values: 76kWh, Seconds from start: 3.7180002
11.05.2024 04:48:47.571 [pool-7-thread-1] INFO  o.m.c.ChargeTransferBlockTask - Charging proceed: 26.796001kWh, common meter values: 76kWh, Seconds from start: 3.828
11.05.2024 04:48:47.682 [pool-7-thread-1] INFO  o.m.c.ChargeTransferBlockTask - Charging proceed: 27.566kWh, common meter values: 77kWh, Seconds from start: 3.9380002
11.05.2024 04:48:47.793 [pool-7-thread-1] INFO  o.m.c.ChargeTransferBlockTask - Charging proceed: 28.343kWh, common meter values: 78kWh, Seconds from start: 4.0490003
11.05.2024 04:48:47.903 [pool-7-thread-1] INFO  o.m.c.ChargeTransferBlockTask - Charging proceed: 29.12kWh, common meter values: 79kWh, Seconds from start: 4.1600003
11.05.2024 04:48:48.014 [pool-7-thread-1] INFO  o.m.c.ChargeTransferBlockTask - Charging proceed: 29.890001kWh, common meter values: 79kWh, Seconds from start: 4.27
11.05.2024 04:48:48.122 [pool-7-thread-1] INFO  o.m.c.ChargeTransferBlockTask - Charging proceed: 30.653002kWh, common meter values: 80kWh, Seconds from start: 4.379
11.05.2024 04:48:48.232 [pool-7-thread-1] INFO  o.m.c.ChargeTransferBlockTask - Charging proceed: 31.416kWh, common meter values: 81kWh, Seconds from start: 4.4880004
11.05.2024 04:48:48.344 [pool-7-thread-1] INFO  o.m.c.ChargeTransferBlockTask - Charging proceed: 32.2kWh, common meter values: 82kWh, Seconds from start: 4.6000004
11.05.2024 04:48:48.450 [pool-7-thread-1] INFO  o.m.c.ChargeTransferBlockTask - Charging proceed: 32.949kWh, common meter values: 82kWh, Seconds from start: 4.7070003
11.05.2024 04:48:48.558 [pool-7-thread-1] INFO  o.m.c.ChargeTransferBlockTask - Charging proceed: 33.698kWh, common meter values: 83kWh, Seconds from start: 4.814
11.05.2024 04:48:48.667 [pool-7-thread-1] INFO  o.m.c.ChargeTransferBlockTask - Charging proceed: 34.468002kWh, common meter values: 84kWh, Seconds from start: 4.9240003
11.05.2024 04:48:48.778 [pool-7-thread-1] INFO  o.m.c.ChargeTransferBlockTask - Charging proceed: 35.245003kWh, common meter values: 85kWh, Seconds from start: 5.0350003
11.05.2024 04:48:48.888 [pool-7-thread-1] INFO  o.m.c.ChargeTransferBlockTask - Charging proceed: 36.015kWh, common meter values: 86kWh, Seconds from start: 5.1450005
11.05.2024 04:48:48.998 [pool-7-thread-1] INFO  o.m.c.ChargeTransferBlockTask - Charging proceed: 36.778kWh, common meter values: 86kWh, Seconds from start: 5.254
11.05.2024 04:48:49.107 [pool-7-thread-1] INFO  o.m.c.ChargeTransferBlockTask - Charging proceed: 37.541kWh, common meter values: 87kWh, Seconds from start: 5.3630004
11.05.2024 04:48:49.216 [pool-7-thread-1] INFO  o.m.c.ChargeTransferBlockTask - Charging proceed: 38.304kWh, common meter values: 88kWh, Seconds from start: 5.472
11.05.2024 04:48:49.325 [pool-7-thread-1] INFO  o.m.c.ChargeTransferBlockTask - Charging proceed: 39.067kWh, common meter values: 89kWh, Seconds from start: 5.5810003
11.05.2024 04:48:49.432 [pool-7-thread-1] INFO  o.m.c.ChargeTransferBlockTask - Charging proceed: 39.823kWh, common meter values: 89kWh, Seconds from start: 5.689
11.05.2024 04:48:49.540 [pool-7-thread-1] INFO  o.m.c.ChargeTransferBlockTask - Charging proceed: 40.572002kWh, common meter values: 90kWh, Seconds from start: 5.7960005
11.05.2024 04:48:49.648 [pool-7-thread-1] INFO  o.m.c.ChargeTransferBlockTask - Charging proceed: 41.335003kWh, common meter values: 91kWh, Seconds from start: 5.905
11.05.2024 04:48:49.758 [pool-7-thread-1] INFO  o.m.c.ChargeTransferBlockTask - Charging proceed: 42.105kWh, common meter values: 92kWh, Seconds from start: 6.0150003
11.05.2024 04:48:49.866 [pool-7-thread-1] INFO  o.m.c.ChargeTransferBlockTask - Charging proceed: 42.854kWh, common meter values: 92kWh, Seconds from start: 6.122
11.05.2024 04:48:49.976 [pool-7-thread-1] INFO  o.m.c.ChargeTransferBlockTask - Charging proceed: 43.624kWh, common meter values: 93kWh, Seconds from start: 6.2320004
11.05.2024 04:48:50.087 [pool-7-thread-1] INFO  o.m.c.ChargeTransferBlockTask - Charging proceed: 44.401kWh, common meter values: 94kWh, Seconds from start: 6.3430004
11.05.2024 04:48:50.197 [pool-7-thread-1] INFO  o.m.c.ChargeTransferBlockTask - Charging proceed: 45.171kWh, common meter values: 95kWh, Seconds from start: 6.453
11.05.2024 04:48:50.308 [pool-7-thread-1] INFO  o.m.c.ChargeTransferBlockTask - Charging proceed: 45.948kWh, common meter values: 95kWh, Seconds from start: 6.564
11.05.2024 04:48:50.417 [pool-7-thread-1] INFO  o.m.c.ChargeTransferBlockTask - Charging proceed: 46.718002kWh, common meter values: 96kWh, Seconds from start: 6.6740003
11.05.2024 04:48:50.527 [pool-7-thread-1] INFO  o.m.c.ChargeTransferBlockTask - Charging proceed: 47.488003kWh, common meter values: 97kWh, Seconds from start: 6.7840004
11.05.2024 04:48:50.634 [pool-7-thread-1] INFO  o.m.c.ChargeTransferBlockTask - Charging proceed: 48.237003kWh, common meter values: 98kWh, Seconds from start: 6.8910003
11.05.2024 04:48:50.744 [pool-7-thread-1] INFO  o.m.c.ChargeTransferBlockTask - Charging proceed: 49.0kWh, common meter values: 99kWh, Seconds from start: 7.0000005
11.05.2024 04:48:50.854 [pool-7-thread-1] INFO  o.m.c.ChargeTransferBlockTask - Charging proceed: 49.77kWh, common meter values: 99kWh, Seconds from start: 7.11
11.05.2024 04:48:50.962 [pool-7-thread-1] INFO  o.m.c.ChargeTransferBlockTask - Charging proceed: 50.526kWh, common meter values: 100kWh, Seconds from start: 7.2180004
11.05.2024 04:48:50.962 [pool-7-thread-1] INFO  o.m.c.ChargeTransferBlockTask - Charging stop normally, total charging time: 7.2180004 seconds, power delivered: 50.526kWh, finishing meterValues: 100kWh.
]]></system-out>
  </testcase>
  <testcase name="taskCanceledTest" classname="chargetransfer.ChargeTransferBlockTaskTest" time="1.531">
    <system-out><![CDATA[11.05.2024 04:48:50.967 [pool-8-thread-1] INFO  o.m.c.ChargeTransferBlockTask - Charging start, start meter values: 100kWh
11.05.2024 04:48:51.071 [pool-8-thread-1] INFO  o.m.c.ChargeTransferBlockTask - Charging proceed: 0.72800004kWh, common meter values: 100kWh, Seconds from start: 0.104
11.05.2024 04:48:51.180 [pool-8-thread-1] INFO  o.m.c.ChargeTransferBlockTask - Charging proceed: 1.491kWh, common meter values: 101kWh, Seconds from start: 0.21300001
11.05.2024 04:48:51.291 [pool-8-thread-1] INFO  o.m.c.ChargeTransferBlockTask - Charging proceed: 2.2610002kWh, common meter values: 102kWh, Seconds from start: 0.323
11.05.2024 04:48:51.401 [pool-8-thread-1] INFO  o.m.c.ChargeTransferBlockTask - Charging proceed: 3.038kWh, common meter values: 103kWh, Seconds from start: 0.43400002
11.05.2024 04:48:51.509 [pool-8-thread-1] INFO  o.m.c.ChargeTransferBlockTask - Charging proceed: 3.7870002kWh, common meter values: 103kWh, Seconds from start: 0.541
11.05.2024 04:48:51.619 [pool-8-thread-1] INFO  o.m.c.ChargeTransferBlockTask - Charging proceed: 4.564kWh, common meter values: 104kWh, Seconds from start: 0.652
11.05.2024 04:48:51.728 [pool-8-thread-1] INFO  o.m.c.ChargeTransferBlockTask - Charging proceed: 5.32kWh, common meter values: 105kWh, Seconds from start: 0.76000005
11.05.2024 04:48:51.838 [pool-8-thread-1] INFO  o.m.c.ChargeTransferBlockTask - Charging proceed: 6.097kWh, common meter values: 106kWh, Seconds from start: 0.87100005
11.05.2024 04:48:51.947 [pool-8-thread-1] INFO  o.m.c.ChargeTransferBlockTask - Charging proceed: 6.86kWh, common meter values: 106kWh, Seconds from start: 0.98
11.05.2024 04:48:52.057 [pool-8-thread-1] INFO  o.m.c.ChargeTransferBlockTask - Charging proceed: 7.623kWh, common meter values: 107kWh, Seconds from start: 1.0890001
11.05.2024 04:48:52.166 [pool-8-thread-1] INFO  o.m.c.ChargeTransferBlockTask - Charging proceed: 8.393001kWh, common meter values: 108kWh, Seconds from start: 1.199
11.05.2024 04:48:52.276 [pool-8-thread-1] INFO  o.m.c.ChargeTransferBlockTask - Charging proceed: 9.163kWh, common meter values: 109kWh, Seconds from start: 1.309
11.05.2024 04:48:52.384 [pool-8-thread-1] INFO  o.m.c.ChargeTransferBlockTask - Charging proceed: 9.919001kWh, common meter values: 109kWh, Seconds from start: 1.417
11.05.2024 04:48:52.495 [pool-8-thread-1] INFO  o.m.c.ChargeTransferBlockTask - Charging proceed: 10.696kWh, common meter values: 110kWh, Seconds from start: 1.5280001
11.05.2024 04:48:52.495 [pool-8-thread-1] INFO  o.m.c.ChargeTransferBlockTask - Charging stop normally, total charging time: 1.5280001 seconds, power delivered: 10.696kWh, finishing meterValues: 110kWh.
Seconds before stop: 0.015
]]></system-out>
  </testcase>
  <testcase name="getMeterValuesInTimeTest" classname="chargetransfer.ChargeTransferBlockTaskTest" time="0.263">
    <system-out><![CDATA[11.05.2024 04:48:52.500 [pool-9-thread-1] INFO  o.m.c.ChargeTransferBlockTask - Charging start, start meter values: 110kWh
11.05.2024 04:48:52.605 [pool-9-thread-1] INFO  o.m.c.ChargeTransferBlockTask - Charging proceed: 0.735kWh, common meter values: 110kWh, Seconds from start: 0.105000004
11.05.2024 04:48:52.713 [pool-9-thread-1] INFO  o.m.c.ChargeTransferBlockTask - Charging proceed: 1.4840001kWh, common meter values: 111kWh, Seconds from start: 0.21200001
]]></system-out>
  </testcase>
</testsuite>